Terminals unused in grammar

   ERROR


Grammar

    0 $accept: program $end

    1 program: declaration-list

    2 declaration-list: declaration-list declaration
    3                 | declaration

    4 declaration: var-declaration
    5            | fun-declaration

    6 var-declaration: type-specifier var-decl-list SEMICOLON

    7 scoped-var-declaration: scoped-type-specifier var-decl-list SEMICOLON

    8 var-decl-list: var-decl-list COMMA var-decl-initialize
    9              | var-decl-initialize

   10 var-decl-initialize: var-decl-id
   11                    | var-decl-id COLON simple-expression

   12 var-decl-id: ID
   13            | ID LBRACKET NUMCONST RBRACKET

   14 scoped-type-specifier: STATIC type-specifier
   15                      | type-specifier

   16 type-specifier: INT
   17               | BOOL
   18               | CHAR

   19 fun-declaration: type-specifier ID LPAREN params RPAREN statement
   20                | ID LPAREN params RPAREN statement

   21 params: param-list
   22       | %empty

   23 param-list: param-list SEMICOLON param-type-list
   24           | param-type-list

   25 param-type-list: type-specifier param-id-list

   26 param-id-list: param-id-list COMMA param-id
   27              | param-id

   28 param-id: ID
   29         | ID LBRACKET RBRACKET

   30 statement: matched
   31          | unmatched

   32 matched: expression-stmt
   33        | compound-stmt
   34        | matched-selection-stmt
   35        | matched-while-stmt
   36        | matched-foreach-stmt
   37        | return-stmt
   38        | break-stmt

   39 unmatched: unmatched-selection-stmt
   40          | unmatched-while-stmt
   41          | unmatched-foreach-stmt

   42 matched-selection-stmt: IF LPAREN simple-expression RPAREN matched ELSE matched

   43 unmatched-selection-stmt: IF LPAREN simple-expression RPAREN statement
   44                         | IF LPAREN simple-expression RPAREN matched ELSE unmatched

   45 matched-while-stmt: WHILE LPAREN simple-expression RPAREN matched

   46 unmatched-while-stmt: WHILE LPAREN simple-expression RPAREN unmatched

   47 matched-foreach-stmt: FOREACH LPAREN mutable IN simple-expression RPAREN matched

   48 unmatched-foreach-stmt: FOREACH LPAREN mutable IN simple-expression RPAREN unmatched

   49 compound-stmt: LBRACE local-declarations statement-list RBRACE

   50 local-declarations: local-declarations scoped-var-declaration
   51                   | %empty

   52 statement-list: statement-list statement
   53               | %empty

   54 expression-stmt: expression SEMICOLON
   55                | SEMICOLON

   56 return-stmt: RETURN SEMICOLON
   57            | RETURN expression SEMICOLON

   58 break-stmt: BREAK SEMICOLON

   59 expression: mutable ASSIGN expression
   60           | mutable ADDASS expression
   61           | mutable SUBASS expression
   62           | mutable MULASS expression
   63           | mutable DIVASS expression
   64           | mutable INC
   65           | mutable DEC
   66           | simple-expression

   67 simple-expression: simple-expression OR and-expression
   68                  | and-expression

   69 and-expression: and-expression AND unary-rel-expression
   70               | unary-rel-expression

   71 unary-rel-expression: NOT unary-rel-expression
   72                     | rel-expression

   73 rel-expression: sum-expression relop sum-expression
   74               | sum-expression

   75 relop: LESSEQ
   76      | LTHAN
   77      | GTHAN
   78      | GRTEQ
   79      | EQ
   80      | NOTEQ

   81 sum-expression: sum-expression sumop term
   82               | term

   83 sumop: PLUS
   84      | MINUS

   85 term: term mulop unary-expression
   86     | unary-expression

   87 mulop: MULTIPLY
   88      | DIVIDE
   89      | MODULUS

   90 unary-expression: unaryop unary-expression
   91                 | factor

   92 unaryop: MINUS
   93        | MULTIPLY
   94        | QUESTION

   95 factor: immutable
   96       | mutable

   97 mutable: ID
   98        | ID LBRACKET expression RBRACKET

   99 immutable: LPAREN expression RPAREN
  100          | call
  101          | constant

  102 call: ID LPAREN args RPAREN

  103 args: arg-list
  104     | %empty

  105 arg-list: arg-list COMMA expression
  106         | expression

  107 constant: NUMCONST
  108         | CHARCONST
  109         | STRINGCONST
  110         | BOOLCONST


Terminals, with rules where they appear

$end (0) 0
error (256)
ID (258) 12 13 19 20 28 29 97 98 102
NUMCONST (259) 13 107
STRINGCONST (260) 109
CHARCONST (261) 108
ERROR (262)
BOOLCONST (263) 110
ADDASS (264) 60
SUBASS (265) 61
MULASS (266) 62
DIVASS (267) 63
INC (268) 64
DEC (269) 65
LESSEQ (270) 75
GRTEQ (271) 78
EQ (272) 79
NOTEQ (273) 80
STATIC (274) 14
INT (275) 16
BOOL (276) 17
CHAR (277) 18
IF (278) 42 43 44
ELSE (279) 42 44
WHILE (280) 45 46
FOREACH (281) 47 48
IN (282) 47 48
RETURN (283) 56 57
BREAK (284) 58
SEMICOLON (285) 6 7 23 54 55 56 57 58
LPAREN (286) 19 20 42 43 44 45 46 47 48 99 102
RPAREN (287) 19 20 42 43 44 45 46 47 48 99 102
LBRACKET (288) 13 29 98
RBRACKET (289) 13 29 98
OR (290) 67
AND (291) 69
NOT (292) 71
ASSIGN (293) 59
PLUS (294) 83
MINUS (295) 84 92
MULTIPLY (296) 87 93
DIVIDE (297) 88
MODULUS (298) 89
QUESTION (299) 94
LTHAN (300) 76
GTHAN (301) 77
LBRACE (302) 49
RBRACE (303) 49
COMMA (304) 8 26 105
COLON (305) 11


Nonterminals, with rules where they appear

$accept (51)
    on left: 0
program (52)
    on left: 1, on right: 0
declaration-list (53)
    on left: 2 3, on right: 1 2
declaration (54)
    on left: 4 5, on right: 2 3
var-declaration (55)
    on left: 6, on right: 4
scoped-var-declaration (56)
    on left: 7, on right: 50
var-decl-list (57)
    on left: 8 9, on right: 6 7 8
var-decl-initialize (58)
    on left: 10 11, on right: 8 9
var-decl-id (59)
    on left: 12 13, on right: 10 11
scoped-type-specifier (60)
    on left: 14 15, on right: 7
type-specifier (61)
    on left: 16 17 18, on right: 6 14 15 19 25
fun-declaration (62)
    on left: 19 20, on right: 5
params (63)
    on left: 21 22, on right: 19 20
param-list (64)
    on left: 23 24, on right: 21 23
param-type-list (65)
    on left: 25, on right: 23 24
param-id-list (66)
    on left: 26 27, on right: 25 26
param-id (67)
    on left: 28 29, on right: 26 27
statement (68)
    on left: 30 31, on right: 19 20 43 52
matched (69)
    on left: 32 33 34 35 36 37 38, on right: 30 42 44 45 47
unmatched (70)
    on left: 39 40 41, on right: 31 44 46 48
matched-selection-stmt (71)
    on left: 42, on right: 34
unmatched-selection-stmt (72)
    on left: 43 44, on right: 39
matched-while-stmt (73)
    on left: 45, on right: 35
unmatched-while-stmt (74)
    on left: 46, on right: 40
matched-foreach-stmt (75)
    on left: 47, on right: 36
unmatched-foreach-stmt (76)
    on left: 48, on right: 41
compound-stmt (77)
    on left: 49, on right: 33
local-declarations (78)
    on left: 50 51, on right: 49 50
statement-list (79)
    on left: 52 53, on right: 49 52
expression-stmt (80)
    on left: 54 55, on right: 32
return-stmt (81)
    on left: 56 57, on right: 37
break-stmt (82)
    on left: 58, on right: 38
expression (83)
    on left: 59 60 61 62 63 64 65 66, on right: 54 57 59 60 61 62 63
    98 99 105 106
simple-expression (84)
    on left: 67 68, on right: 11 42 43 44 45 46 47 48 66 67
and-expression (85)
    on left: 69 70, on right: 67 68 69
unary-rel-expression (86)
    on left: 71 72, on right: 69 70 71
rel-expression (87)
    on left: 73 74, on right: 72
relop (88)
    on left: 75 76 77 78 79 80, on right: 73
sum-expression (89)
    on left: 81 82, on right: 73 74 81
sumop (90)
    on left: 83 84, on right: 81
term (91)
    on left: 85 86, on right: 81 82 85
mulop (92)
    on left: 87 88 89, on right: 85
unary-expression (93)
    on left: 90 91, on right: 85 86 90
unaryop (94)
    on left: 92 93 94, on right: 90
factor (95)
    on left: 95 96, on right: 91
mutable (96)
    on left: 97 98, on right: 47 48 59 60 61 62 63 64 65 96
immutable (97)
    on left: 99 100 101, on right: 95
call (98)
    on left: 102, on right: 100
args (99)
    on left: 103 104, on right: 102
arg-list (100)
    on left: 105 106, on right: 103 105
constant (101)
    on left: 107 108 109 110, on right: 101


State 0

    0 $accept: . program $end

    ID    shift, and go to state 1
    INT   shift, and go to state 2
    BOOL  shift, and go to state 3
    CHAR  shift, and go to state 4

    program           go to state 5
    declaration-list  go to state 6
    declaration       go to state 7
    var-declaration   go to state 8
    type-specifier    go to state 9
    fun-declaration   go to state 10


State 1

   20 fun-declaration: ID . LPAREN params RPAREN statement

    LPAREN  shift, and go to state 11


State 2

   16 type-specifier: INT .

    $default  reduce using rule 16 (type-specifier)


State 3

   17 type-specifier: BOOL .

    $default  reduce using rule 17 (type-specifier)


State 4

   18 type-specifier: CHAR .

    $default  reduce using rule 18 (type-specifier)


State 5

    0 $accept: program . $end

    $end  shift, and go to state 12


State 6

    1 program: declaration-list .
    2 declaration-list: declaration-list . declaration

    ID    shift, and go to state 1
    INT   shift, and go to state 2
    BOOL  shift, and go to state 3
    CHAR  shift, and go to state 4

    $default  reduce using rule 1 (program)

    declaration      go to state 13
    var-declaration  go to state 8
    type-specifier   go to state 9
    fun-declaration  go to state 10


State 7

    3 declaration-list: declaration .

    $default  reduce using rule 3 (declaration-list)


State 8

    4 declaration: var-declaration .

    $default  reduce using rule 4 (declaration)


State 9

    6 var-declaration: type-specifier . var-decl-list SEMICOLON
   19 fun-declaration: type-specifier . ID LPAREN params RPAREN statement

    ID  shift, and go to state 14

    var-decl-list        go to state 15
    var-decl-initialize  go to state 16
    var-decl-id          go to state 17


State 10

    5 declaration: fun-declaration .

    $default  reduce using rule 5 (declaration)


State 11

   20 fun-declaration: ID LPAREN . params RPAREN statement

    INT   shift, and go to state 2
    BOOL  shift, and go to state 3
    CHAR  shift, and go to state 4

    $default  reduce using rule 22 (params)

    type-specifier   go to state 18
    params           go to state 19
    param-list       go to state 20
    param-type-list  go to state 21


State 12

    0 $accept: program $end .

    $default  accept


State 13

    2 declaration-list: declaration-list declaration .

    $default  reduce using rule 2 (declaration-list)


State 14

   12 var-decl-id: ID .
   13            | ID . LBRACKET NUMCONST RBRACKET
   19 fun-declaration: type-specifier ID . LPAREN params RPAREN statement

    LPAREN    shift, and go to state 22
    LBRACKET  shift, and go to state 23

    $default  reduce using rule 12 (var-decl-id)


State 15

    6 var-declaration: type-specifier var-decl-list . SEMICOLON
    8 var-decl-list: var-decl-list . COMMA var-decl-initialize

    SEMICOLON  shift, and go to state 24
    COMMA      shift, and go to state 25


State 16

    9 var-decl-list: var-decl-initialize .

    $default  reduce using rule 9 (var-decl-list)


State 17

   10 var-decl-initialize: var-decl-id .
   11                    | var-decl-id . COLON simple-expression

    COLON  shift, and go to state 26

    $default  reduce using rule 10 (var-decl-initialize)


State 18

   25 param-type-list: type-specifier . param-id-list

    ID  shift, and go to state 27

    param-id-list  go to state 28
    param-id       go to state 29


State 19

   20 fun-declaration: ID LPAREN params . RPAREN statement

    RPAREN  shift, and go to state 30


State 20

   21 params: param-list .
   23 param-list: param-list . SEMICOLON param-type-list

    SEMICOLON  shift, and go to state 31

    $default  reduce using rule 21 (params)


State 21

   24 param-list: param-type-list .

    $default  reduce using rule 24 (param-list)


State 22

   19 fun-declaration: type-specifier ID LPAREN . params RPAREN statement

    INT   shift, and go to state 2
    BOOL  shift, and go to state 3
    CHAR  shift, and go to state 4

    $default  reduce using rule 22 (params)

    type-specifier   go to state 18
    params           go to state 32
    param-list       go to state 20
    param-type-list  go to state 21


State 23

   13 var-decl-id: ID LBRACKET . NUMCONST RBRACKET

    NUMCONST  shift, and go to state 33


State 24

    6 var-declaration: type-specifier var-decl-list SEMICOLON .

    $default  reduce using rule 6 (var-declaration)


State 25

    8 var-decl-list: var-decl-list COMMA . var-decl-initialize

    ID  shift, and go to state 34

    var-decl-initialize  go to state 35
    var-decl-id          go to state 17


State 26

   11 var-decl-initialize: var-decl-id COLON . simple-expression

    ID           shift, and go to state 36
    NUMCONST     shift, and go to state 37
    STRINGCONST  shift, and go to state 38
    CHARCONST    shift, and go to state 39
    BOOLCONST    shift, and go to state 40
    LPAREN       shift, and go to state 41
    NOT          shift, and go to state 42
    MINUS        shift, and go to state 43
    MULTIPLY     shift, and go to state 44
    QUESTION     shift, and go to state 45

    simple-expression     go to state 46
    and-expression        go to state 47
    unary-rel-expression  go to state 48
    rel-expression        go to state 49
    sum-expression        go to state 50
    term                  go to state 51
    unary-expression      go to state 52
    unaryop               go to state 53
    factor                go to state 54
    mutable               go to state 55
    immutable             go to state 56
    call                  go to state 57
    constant              go to state 58


State 27

   28 param-id: ID .
   29         | ID . LBRACKET RBRACKET

    LBRACKET  shift, and go to state 59

    $default  reduce using rule 28 (param-id)


State 28

   25 param-type-list: type-specifier param-id-list .
   26 param-id-list: param-id-list . COMMA param-id

    COMMA  shift, and go to state 60

    $default  reduce using rule 25 (param-type-list)


State 29

   27 param-id-list: param-id .

    $default  reduce using rule 27 (param-id-list)


State 30

   20 fun-declaration: ID LPAREN params RPAREN . statement

    ID           shift, and go to state 36
    NUMCONST     shift, and go to state 37
    STRINGCONST  shift, and go to state 38
    CHARCONST    shift, and go to state 39
    BOOLCONST    shift, and go to state 40
    IF           shift, and go to state 61
    WHILE        shift, and go to state 62
    FOREACH      shift, and go to state 63
    RETURN       shift, and go to state 64
    BREAK        shift, and go to state 65
    SEMICOLON    shift, and go to state 66
    LPAREN       shift, and go to state 41
    NOT          shift, and go to state 42
    MINUS        shift, and go to state 43
    MULTIPLY     shift, and go to state 44
    QUESTION     shift, and go to state 45
    LBRACE       shift, and go to state 67

    statement                 go to state 68
    matched                   go to state 69
    unmatched                 go to state 70
    matched-selection-stmt    go to state 71
    unmatched-selection-stmt  go to state 72
    matched-while-stmt        go to state 73
    unmatched-while-stmt      go to state 74
    matched-foreach-stmt      go to state 75
    unmatched-foreach-stmt    go to state 76
    compound-stmt             go to state 77
    expression-stmt           go to state 78
    return-stmt               go to state 79
    break-stmt                go to state 80
    expression                go to state 81
    simple-expression         go to state 82
    and-expression            go to state 47
    unary-rel-expression      go to state 48
    rel-expression            go to state 49
    sum-expression            go to state 50
    term                      go to state 51
    unary-expression          go to state 52
    unaryop                   go to state 53
    factor                    go to state 54
    mutable                   go to state 83
    immutable                 go to state 56
    call                      go to state 57
    constant                  go to state 58


State 31

   23 param-list: param-list SEMICOLON . param-type-list

    INT   shift, and go to state 2
    BOOL  shift, and go to state 3
    CHAR  shift, and go to state 4

    type-specifier   go to state 18
    param-type-list  go to state 84


State 32

   19 fun-declaration: type-specifier ID LPAREN params . RPAREN statement

    RPAREN  shift, and go to state 85


State 33

   13 var-decl-id: ID LBRACKET NUMCONST . RBRACKET

    RBRACKET  shift, and go to state 86


State 34

   12 var-decl-id: ID .
   13            | ID . LBRACKET NUMCONST RBRACKET

    LBRACKET  shift, and go to state 23

    $default  reduce using rule 12 (var-decl-id)


State 35

    8 var-decl-list: var-decl-list COMMA var-decl-initialize .

    $default  reduce using rule 8 (var-decl-list)


State 36

   97 mutable: ID .
   98        | ID . LBRACKET expression RBRACKET
  102 call: ID . LPAREN args RPAREN

    LPAREN    shift, and go to state 87
    LBRACKET  shift, and go to state 88

    $default  reduce using rule 97 (mutable)


State 37

  107 constant: NUMCONST .

    $default  reduce using rule 107 (constant)


State 38

  109 constant: STRINGCONST .

    $default  reduce using rule 109 (constant)


State 39

  108 constant: CHARCONST .

    $default  reduce using rule 108 (constant)


State 40

  110 constant: BOOLCONST .

    $default  reduce using rule 110 (constant)


State 41

   99 immutable: LPAREN . expression RPAREN

    ID           shift, and go to state 36
    NUMCONST     shift, and go to state 37
    STRINGCONST  shift, and go to state 38
    CHARCONST    shift, and go to state 39
    BOOLCONST    shift, and go to state 40
    LPAREN       shift, and go to state 41
    NOT          shift, and go to state 42
    MINUS        shift, and go to state 43
    MULTIPLY     shift, and go to state 44
    QUESTION     shift, and go to state 45

    expression            go to state 89
    simple-expression     go to state 82
    and-expression        go to state 47
    unary-rel-expression  go to state 48
    rel-expression        go to state 49
    sum-expression        go to state 50
    term                  go to state 51
    unary-expression      go to state 52
    unaryop               go to state 53
    factor                go to state 54
    mutable               go to state 83
    immutable             go to state 56
    call                  go to state 57
    constant              go to state 58


State 42

   71 unary-rel-expression: NOT . unary-rel-expression

    ID           shift, and go to state 36
    NUMCONST     shift, and go to state 37
    STRINGCONST  shift, and go to state 38
    CHARCONST    shift, and go to state 39
    BOOLCONST    shift, and go to state 40
    LPAREN       shift, and go to state 41
    NOT          shift, and go to state 42
    MINUS        shift, and go to state 43
    MULTIPLY     shift, and go to state 44
    QUESTION     shift, and go to state 45

    unary-rel-expression  go to state 90
    rel-expression        go to state 49
    sum-expression        go to state 50
    term                  go to state 51
    unary-expression      go to state 52
    unaryop               go to state 53
    factor                go to state 54
    mutable               go to state 55
    immutable             go to state 56
    call                  go to state 57
    constant              go to state 58


State 43

   92 unaryop: MINUS .

    $default  reduce using rule 92 (unaryop)


State 44

   93 unaryop: MULTIPLY .

    $default  reduce using rule 93 (unaryop)


State 45

   94 unaryop: QUESTION .

    $default  reduce using rule 94 (unaryop)


State 46

   11 var-decl-initialize: var-decl-id COLON simple-expression .
   67 simple-expression: simple-expression . OR and-expression

    OR  shift, and go to state 91

    $default  reduce using rule 11 (var-decl-initialize)


State 47

   68 simple-expression: and-expression .
   69 and-expression: and-expression . AND unary-rel-expression

    AND  shift, and go to state 92

    $default  reduce using rule 68 (simple-expression)


State 48

   70 and-expression: unary-rel-expression .

    $default  reduce using rule 70 (and-expression)


State 49

   72 unary-rel-expression: rel-expression .

    $default  reduce using rule 72 (unary-rel-expression)


State 50

   73 rel-expression: sum-expression . relop sum-expression
   74               | sum-expression .
   81 sum-expression: sum-expression . sumop term

    LESSEQ  shift, and go to state 93
    GRTEQ   shift, and go to state 94
    EQ      shift, and go to state 95
    NOTEQ   shift, and go to state 96
    PLUS    shift, and go to state 97
    MINUS   shift, and go to state 98
    LTHAN   shift, and go to state 99
    GTHAN   shift, and go to state 100

    $default  reduce using rule 74 (rel-expression)

    relop  go to state 101
    sumop  go to state 102


State 51

   82 sum-expression: term .
   85 term: term . mulop unary-expression

    MULTIPLY  shift, and go to state 103
    DIVIDE    shift, and go to state 104
    MODULUS   shift, and go to state 105

    $default  reduce using rule 82 (sum-expression)

    mulop  go to state 106


State 52

   86 term: unary-expression .

    $default  reduce using rule 86 (term)


State 53

   90 unary-expression: unaryop . unary-expression

    ID           shift, and go to state 36
    NUMCONST     shift, and go to state 37
    STRINGCONST  shift, and go to state 38
    CHARCONST    shift, and go to state 39
    BOOLCONST    shift, and go to state 40
    LPAREN       shift, and go to state 41
    MINUS        shift, and go to state 43
    MULTIPLY     shift, and go to state 44
    QUESTION     shift, and go to state 45

    unary-expression  go to state 107
    unaryop           go to state 53
    factor            go to state 54
    mutable           go to state 55
    immutable         go to state 56
    call              go to state 57
    constant          go to state 58


State 54

   91 unary-expression: factor .

    $default  reduce using rule 91 (unary-expression)


State 55

   96 factor: mutable .

    $default  reduce using rule 96 (factor)


State 56

   95 factor: immutable .

    $default  reduce using rule 95 (factor)


State 57

  100 immutable: call .

    $default  reduce using rule 100 (immutable)


State 58

  101 immutable: constant .

    $default  reduce using rule 101 (immutable)


State 59

   29 param-id: ID LBRACKET . RBRACKET

    RBRACKET  shift, and go to state 108


State 60

   26 param-id-list: param-id-list COMMA . param-id

    ID  shift, and go to state 27

    param-id  go to state 109


State 61

   42 matched-selection-stmt: IF . LPAREN simple-expression RPAREN matched ELSE matched
   43 unmatched-selection-stmt: IF . LPAREN simple-expression RPAREN statement
   44                         | IF . LPAREN simple-expression RPAREN matched ELSE unmatched

    LPAREN  shift, and go to state 110


State 62

   45 matched-while-stmt: WHILE . LPAREN simple-expression RPAREN matched
   46 unmatched-while-stmt: WHILE . LPAREN simple-expression RPAREN unmatched

    LPAREN  shift, and go to state 111


State 63

   47 matched-foreach-stmt: FOREACH . LPAREN mutable IN simple-expression RPAREN matched
   48 unmatched-foreach-stmt: FOREACH . LPAREN mutable IN simple-expression RPAREN unmatched

    LPAREN  shift, and go to state 112


State 64

   56 return-stmt: RETURN . SEMICOLON
   57            | RETURN . expression SEMICOLON

    ID           shift, and go to state 36
    NUMCONST     shift, and go to state 37
    STRINGCONST  shift, and go to state 38
    CHARCONST    shift, and go to state 39
    BOOLCONST    shift, and go to state 40
    SEMICOLON    shift, and go to state 113
    LPAREN       shift, and go to state 41
    NOT          shift, and go to state 42
    MINUS        shift, and go to state 43
    MULTIPLY     shift, and go to state 44
    QUESTION     shift, and go to state 45

    expression            go to state 114
    simple-expression     go to state 82
    and-expression        go to state 47
    unary-rel-expression  go to state 48
    rel-expression        go to state 49
    sum-expression        go to state 50
    term                  go to state 51
    unary-expression      go to state 52
    unaryop               go to state 53
    factor                go to state 54
    mutable               go to state 83
    immutable             go to state 56
    call                  go to state 57
    constant              go to state 58


State 65

   58 break-stmt: BREAK . SEMICOLON

    SEMICOLON  shift, and go to state 115


State 66

   55 expression-stmt: SEMICOLON .

    $default  reduce using rule 55 (expression-stmt)


State 67

   49 compound-stmt: LBRACE . local-declarations statement-list RBRACE

    $default  reduce using rule 51 (local-declarations)

    local-declarations  go to state 116


State 68

   20 fun-declaration: ID LPAREN params RPAREN statement .

    $default  reduce using rule 20 (fun-declaration)


State 69

   30 statement: matched .

    $default  reduce using rule 30 (statement)


State 70

   31 statement: unmatched .

    $default  reduce using rule 31 (statement)


State 71

   34 matched: matched-selection-stmt .

    $default  reduce using rule 34 (matched)


State 72

   39 unmatched: unmatched-selection-stmt .

    $default  reduce using rule 39 (unmatched)


State 73

   35 matched: matched-while-stmt .

    $default  reduce using rule 35 (matched)


State 74

   40 unmatched: unmatched-while-stmt .

    $default  reduce using rule 40 (unmatched)


State 75

   36 matched: matched-foreach-stmt .

    $default  reduce using rule 36 (matched)


State 76

   41 unmatched: unmatched-foreach-stmt .

    $default  reduce using rule 41 (unmatched)


State 77

   33 matched: compound-stmt .

    $default  reduce using rule 33 (matched)


State 78

   32 matched: expression-stmt .

    $default  reduce using rule 32 (matched)


State 79

   37 matched: return-stmt .

    $default  reduce using rule 37 (matched)


State 80

   38 matched: break-stmt .

    $default  reduce using rule 38 (matched)


State 81

   54 expression-stmt: expression . SEMICOLON

    SEMICOLON  shift, and go to state 117


State 82

   66 expression: simple-expression .
   67 simple-expression: simple-expression . OR and-expression

    OR  shift, and go to state 91

    $default  reduce using rule 66 (expression)


State 83

   59 expression: mutable . ASSIGN expression
   60           | mutable . ADDASS expression
   61           | mutable . SUBASS expression
   62           | mutable . MULASS expression
   63           | mutable . DIVASS expression
   64           | mutable . INC
   65           | mutable . DEC
   96 factor: mutable .

    ADDASS  shift, and go to state 118
    SUBASS  shift, and go to state 119
    MULASS  shift, and go to state 120
    DIVASS  shift, and go to state 121
    INC     shift, and go to state 122
    DEC     shift, and go to state 123
    ASSIGN  shift, and go to state 124

    $default  reduce using rule 96 (factor)


State 84

   23 param-list: param-list SEMICOLON param-type-list .

    $default  reduce using rule 23 (param-list)


State 85

   19 fun-declaration: type-specifier ID LPAREN params RPAREN . statement

    ID           shift, and go to state 36
    NUMCONST     shift, and go to state 37
    STRINGCONST  shift, and go to state 38
    CHARCONST    shift, and go to state 39
    BOOLCONST    shift, and go to state 40
    IF           shift, and go to state 61
    WHILE        shift, and go to state 62
    FOREACH      shift, and go to state 63
    RETURN       shift, and go to state 64
    BREAK        shift, and go to state 65
    SEMICOLON    shift, and go to state 66
    LPAREN       shift, and go to state 41
    NOT          shift, and go to state 42
    MINUS        shift, and go to state 43
    MULTIPLY     shift, and go to state 44
    QUESTION     shift, and go to state 45
    LBRACE       shift, and go to state 67

    statement                 go to state 125
    matched                   go to state 69
    unmatched                 go to state 70
    matched-selection-stmt    go to state 71
    unmatched-selection-stmt  go to state 72
    matched-while-stmt        go to state 73
    unmatched-while-stmt      go to state 74
    matched-foreach-stmt      go to state 75
    unmatched-foreach-stmt    go to state 76
    compound-stmt             go to state 77
    expression-stmt           go to state 78
    return-stmt               go to state 79
    break-stmt                go to state 80
    expression                go to state 81
    simple-expression         go to state 82
    and-expression            go to state 47
    unary-rel-expression      go to state 48
    rel-expression            go to state 49
    sum-expression            go to state 50
    term                      go to state 51
    unary-expression          go to state 52
    unaryop                   go to state 53
    factor                    go to state 54
    mutable                   go to state 83
    immutable                 go to state 56
    call                      go to state 57
    constant                  go to state 58


State 86

   13 var-decl-id: ID LBRACKET NUMCONST RBRACKET .

    $default  reduce using rule 13 (var-decl-id)


State 87

  102 call: ID LPAREN . args RPAREN

    ID           shift, and go to state 36
    NUMCONST     shift, and go to state 37
    STRINGCONST  shift, and go to state 38
    CHARCONST    shift, and go to state 39
    BOOLCONST    shift, and go to state 40
    LPAREN       shift, and go to state 41
    NOT          shift, and go to state 42
    MINUS        shift, and go to state 43
    MULTIPLY     shift, and go to state 44
    QUESTION     shift, and go to state 45

    $default  reduce using rule 104 (args)

    expression            go to state 126
    simple-expression     go to state 82
    and-expression        go to state 47
    unary-rel-expression  go to state 48
    rel-expression        go to state 49
    sum-expression        go to state 50
    term                  go to state 51
    unary-expression      go to state 52
    unaryop               go to state 53
    factor                go to state 54
    mutable               go to state 83
    immutable             go to state 56
    call                  go to state 57
    args                  go to state 127
    arg-list              go to state 128
    constant              go to state 58


State 88

   98 mutable: ID LBRACKET . expression RBRACKET

    ID           shift, and go to state 36
    NUMCONST     shift, and go to state 37
    STRINGCONST  shift, and go to state 38
    CHARCONST    shift, and go to state 39
    BOOLCONST    shift, and go to state 40
    LPAREN       shift, and go to state 41
    NOT          shift, and go to state 42
    MINUS        shift, and go to state 43
    MULTIPLY     shift, and go to state 44
    QUESTION     shift, and go to state 45

    expression            go to state 129
    simple-expression     go to state 82
    and-expression        go to state 47
    unary-rel-expression  go to state 48
    rel-expression        go to state 49
    sum-expression        go to state 50
    term                  go to state 51
    unary-expression      go to state 52
    unaryop               go to state 53
    factor                go to state 54
    mutable               go to state 83
    immutable             go to state 56
    call                  go to state 57
    constant              go to state 58


State 89

   99 immutable: LPAREN expression . RPAREN

    RPAREN  shift, and go to state 130


State 90

   71 unary-rel-expression: NOT unary-rel-expression .

    $default  reduce using rule 71 (unary-rel-expression)


State 91

   67 simple-expression: simple-expression OR . and-expression

    ID           shift, and go to state 36
    NUMCONST     shift, and go to state 37
    STRINGCONST  shift, and go to state 38
    CHARCONST    shift, and go to state 39
    BOOLCONST    shift, and go to state 40
    LPAREN       shift, and go to state 41
    NOT          shift, and go to state 42
    MINUS        shift, and go to state 43
    MULTIPLY     shift, and go to state 44
    QUESTION     shift, and go to state 45

    and-expression        go to state 131
    unary-rel-expression  go to state 48
    rel-expression        go to state 49
    sum-expression        go to state 50
    term                  go to state 51
    unary-expression      go to state 52
    unaryop               go to state 53
    factor                go to state 54
    mutable               go to state 55
    immutable             go to state 56
    call                  go to state 57
    constant              go to state 58


State 92

   69 and-expression: and-expression AND . unary-rel-expression

    ID           shift, and go to state 36
    NUMCONST     shift, and go to state 37
    STRINGCONST  shift, and go to state 38
    CHARCONST    shift, and go to state 39
    BOOLCONST    shift, and go to state 40
    LPAREN       shift, and go to state 41
    NOT          shift, and go to state 42
    MINUS        shift, and go to state 43
    MULTIPLY     shift, and go to state 44
    QUESTION     shift, and go to state 45

    unary-rel-expression  go to state 132
    rel-expression        go to state 49
    sum-expression        go to state 50
    term                  go to state 51
    unary-expression      go to state 52
    unaryop               go to state 53
    factor                go to state 54
    mutable               go to state 55
    immutable             go to state 56
    call                  go to state 57
    constant              go to state 58


State 93

   75 relop: LESSEQ .

    $default  reduce using rule 75 (relop)


State 94

   78 relop: GRTEQ .

    $default  reduce using rule 78 (relop)


State 95

   79 relop: EQ .

    $default  reduce using rule 79 (relop)


State 96

   80 relop: NOTEQ .

    $default  reduce using rule 80 (relop)


State 97

   83 sumop: PLUS .

    $default  reduce using rule 83 (sumop)


State 98

   84 sumop: MINUS .

    $default  reduce using rule 84 (sumop)


State 99

   76 relop: LTHAN .

    $default  reduce using rule 76 (relop)


State 100

   77 relop: GTHAN .

    $default  reduce using rule 77 (relop)


State 101

   73 rel-expression: sum-expression relop . sum-expression

    ID           shift, and go to state 36
    NUMCONST     shift, and go to state 37
    STRINGCONST  shift, and go to state 38
    CHARCONST    shift, and go to state 39
    BOOLCONST    shift, and go to state 40
    LPAREN       shift, and go to state 41
    MINUS        shift, and go to state 43
    MULTIPLY     shift, and go to state 44
    QUESTION     shift, and go to state 45

    sum-expression    go to state 133
    term              go to state 51
    unary-expression  go to state 52
    unaryop           go to state 53
    factor            go to state 54
    mutable           go to state 55
    immutable         go to state 56
    call              go to state 57
    constant          go to state 58


State 102

   81 sum-expression: sum-expression sumop . term

    ID           shift, and go to state 36
    NUMCONST     shift, and go to state 37
    STRINGCONST  shift, and go to state 38
    CHARCONST    shift, and go to state 39
    BOOLCONST    shift, and go to state 40
    LPAREN       shift, and go to state 41
    MINUS        shift, and go to state 43
    MULTIPLY     shift, and go to state 44
    QUESTION     shift, and go to state 45

    term              go to state 134
    unary-expression  go to state 52
    unaryop           go to state 53
    factor            go to state 54
    mutable           go to state 55
    immutable         go to state 56
    call              go to state 57
    constant          go to state 58


State 103

   87 mulop: MULTIPLY .

    $default  reduce using rule 87 (mulop)


State 104

   88 mulop: DIVIDE .

    $default  reduce using rule 88 (mulop)


State 105

   89 mulop: MODULUS .

    $default  reduce using rule 89 (mulop)


State 106

   85 term: term mulop . unary-expression

    ID           shift, and go to state 36
    NUMCONST     shift, and go to state 37
    STRINGCONST  shift, and go to state 38
    CHARCONST    shift, and go to state 39
    BOOLCONST    shift, and go to state 40
    LPAREN       shift, and go to state 41
    MINUS        shift, and go to state 43
    MULTIPLY     shift, and go to state 44
    QUESTION     shift, and go to state 45

    unary-expression  go to state 135
    unaryop           go to state 53
    factor            go to state 54
    mutable           go to state 55
    immutable         go to state 56
    call              go to state 57
    constant          go to state 58


State 107

   90 unary-expression: unaryop unary-expression .

    $default  reduce using rule 90 (unary-expression)


State 108

   29 param-id: ID LBRACKET RBRACKET .

    $default  reduce using rule 29 (param-id)


State 109

   26 param-id-list: param-id-list COMMA param-id .

    $default  reduce using rule 26 (param-id-list)


State 110

   42 matched-selection-stmt: IF LPAREN . simple-expression RPAREN matched ELSE matched
   43 unmatched-selection-stmt: IF LPAREN . simple-expression RPAREN statement
   44                         | IF LPAREN . simple-expression RPAREN matched ELSE unmatched

    ID           shift, and go to state 36
    NUMCONST     shift, and go to state 37
    STRINGCONST  shift, and go to state 38
    CHARCONST    shift, and go to state 39
    BOOLCONST    shift, and go to state 40
    LPAREN       shift, and go to state 41
    NOT          shift, and go to state 42
    MINUS        shift, and go to state 43
    MULTIPLY     shift, and go to state 44
    QUESTION     shift, and go to state 45

    simple-expression     go to state 136
    and-expression        go to state 47
    unary-rel-expression  go to state 48
    rel-expression        go to state 49
    sum-expression        go to state 50
    term                  go to state 51
    unary-expression      go to state 52
    unaryop               go to state 53
    factor                go to state 54
    mutable               go to state 55
    immutable             go to state 56
    call                  go to state 57
    constant              go to state 58


State 111

   45 matched-while-stmt: WHILE LPAREN . simple-expression RPAREN matched
   46 unmatched-while-stmt: WHILE LPAREN . simple-expression RPAREN unmatched

    ID           shift, and go to state 36
    NUMCONST     shift, and go to state 37
    STRINGCONST  shift, and go to state 38
    CHARCONST    shift, and go to state 39
    BOOLCONST    shift, and go to state 40
    LPAREN       shift, and go to state 41
    NOT          shift, and go to state 42
    MINUS        shift, and go to state 43
    MULTIPLY     shift, and go to state 44
    QUESTION     shift, and go to state 45

    simple-expression     go to state 137
    and-expression        go to state 47
    unary-rel-expression  go to state 48
    rel-expression        go to state 49
    sum-expression        go to state 50
    term                  go to state 51
    unary-expression      go to state 52
    unaryop               go to state 53
    factor                go to state 54
    mutable               go to state 55
    immutable             go to state 56
    call                  go to state 57
    constant              go to state 58


State 112

   47 matched-foreach-stmt: FOREACH LPAREN . mutable IN simple-expression RPAREN matched
   48 unmatched-foreach-stmt: FOREACH LPAREN . mutable IN simple-expression RPAREN unmatched

    ID  shift, and go to state 138

    mutable  go to state 139


State 113

   56 return-stmt: RETURN SEMICOLON .

    $default  reduce using rule 56 (return-stmt)


State 114

   57 return-stmt: RETURN expression . SEMICOLON

    SEMICOLON  shift, and go to state 140


State 115

   58 break-stmt: BREAK SEMICOLON .

    $default  reduce using rule 58 (break-stmt)


State 116

   49 compound-stmt: LBRACE local-declarations . statement-list RBRACE
   50 local-declarations: local-declarations . scoped-var-declaration

    STATIC  shift, and go to state 141
    INT     shift, and go to state 2
    BOOL    shift, and go to state 3
    CHAR    shift, and go to state 4

    $default  reduce using rule 53 (statement-list)

    scoped-var-declaration  go to state 142
    scoped-type-specifier   go to state 143
    type-specifier          go to state 144
    statement-list          go to state 145


State 117

   54 expression-stmt: expression SEMICOLON .

    $default  reduce using rule 54 (expression-stmt)


State 118

   60 expression: mutable ADDASS . expression

    ID           shift, and go to state 36
    NUMCONST     shift, and go to state 37
    STRINGCONST  shift, and go to state 38
    CHARCONST    shift, and go to state 39
    BOOLCONST    shift, and go to state 40
    LPAREN       shift, and go to state 41
    NOT          shift, and go to state 42
    MINUS        shift, and go to state 43
    MULTIPLY     shift, and go to state 44
    QUESTION     shift, and go to state 45

    expression            go to state 146
    simple-expression     go to state 82
    and-expression        go to state 47
    unary-rel-expression  go to state 48
    rel-expression        go to state 49
    sum-expression        go to state 50
    term                  go to state 51
    unary-expression      go to state 52
    unaryop               go to state 53
    factor                go to state 54
    mutable               go to state 83
    immutable             go to state 56
    call                  go to state 57
    constant              go to state 58


State 119

   61 expression: mutable SUBASS . expression

    ID           shift, and go to state 36
    NUMCONST     shift, and go to state 37
    STRINGCONST  shift, and go to state 38
    CHARCONST    shift, and go to state 39
    BOOLCONST    shift, and go to state 40
    LPAREN       shift, and go to state 41
    NOT          shift, and go to state 42
    MINUS        shift, and go to state 43
    MULTIPLY     shift, and go to state 44
    QUESTION     shift, and go to state 45

    expression            go to state 147
    simple-expression     go to state 82
    and-expression        go to state 47
    unary-rel-expression  go to state 48
    rel-expression        go to state 49
    sum-expression        go to state 50
    term                  go to state 51
    unary-expression      go to state 52
    unaryop               go to state 53
    factor                go to state 54
    mutable               go to state 83
    immutable             go to state 56
    call                  go to state 57
    constant              go to state 58


State 120

   62 expression: mutable MULASS . expression

    ID           shift, and go to state 36
    NUMCONST     shift, and go to state 37
    STRINGCONST  shift, and go to state 38
    CHARCONST    shift, and go to state 39
    BOOLCONST    shift, and go to state 40
    LPAREN       shift, and go to state 41
    NOT          shift, and go to state 42
    MINUS        shift, and go to state 43
    MULTIPLY     shift, and go to state 44
    QUESTION     shift, and go to state 45

    expression            go to state 148
    simple-expression     go to state 82
    and-expression        go to state 47
    unary-rel-expression  go to state 48
    rel-expression        go to state 49
    sum-expression        go to state 50
    term                  go to state 51
    unary-expression      go to state 52
    unaryop               go to state 53
    factor                go to state 54
    mutable               go to state 83
    immutable             go to state 56
    call                  go to state 57
    constant              go to state 58


State 121

   63 expression: mutable DIVASS . expression

    ID           shift, and go to state 36
    NUMCONST     shift, and go to state 37
    STRINGCONST  shift, and go to state 38
    CHARCONST    shift, and go to state 39
    BOOLCONST    shift, and go to state 40
    LPAREN       shift, and go to state 41
    NOT          shift, and go to state 42
    MINUS        shift, and go to state 43
    MULTIPLY     shift, and go to state 44
    QUESTION     shift, and go to state 45

    expression            go to state 149
    simple-expression     go to state 82
    and-expression        go to state 47
    unary-rel-expression  go to state 48
    rel-expression        go to state 49
    sum-expression        go to state 50
    term                  go to state 51
    unary-expression      go to state 52
    unaryop               go to state 53
    factor                go to state 54
    mutable               go to state 83
    immutable             go to state 56
    call                  go to state 57
    constant              go to state 58


State 122

   64 expression: mutable INC .

    $default  reduce using rule 64 (expression)


State 123

   65 expression: mutable DEC .

    $default  reduce using rule 65 (expression)


State 124

   59 expression: mutable ASSIGN . expression

    ID           shift, and go to state 36
    NUMCONST     shift, and go to state 37
    STRINGCONST  shift, and go to state 38
    CHARCONST    shift, and go to state 39
    BOOLCONST    shift, and go to state 40
    LPAREN       shift, and go to state 41
    NOT          shift, and go to state 42
    MINUS        shift, and go to state 43
    MULTIPLY     shift, and go to state 44
    QUESTION     shift, and go to state 45

    expression            go to state 150
    simple-expression     go to state 82
    and-expression        go to state 47
    unary-rel-expression  go to state 48
    rel-expression        go to state 49
    sum-expression        go to state 50
    term                  go to state 51
    unary-expression      go to state 52
    unaryop               go to state 53
    factor                go to state 54
    mutable               go to state 83
    immutable             go to state 56
    call                  go to state 57
    constant              go to state 58


State 125

   19 fun-declaration: type-specifier ID LPAREN params RPAREN statement .

    $default  reduce using rule 19 (fun-declaration)


State 126

  106 arg-list: expression .

    $default  reduce using rule 106 (arg-list)


State 127

  102 call: ID LPAREN args . RPAREN

    RPAREN  shift, and go to state 151


State 128

  103 args: arg-list .
  105 arg-list: arg-list . COMMA expression

    COMMA  shift, and go to state 152

    $default  reduce using rule 103 (args)


State 129

   98 mutable: ID LBRACKET expression . RBRACKET

    RBRACKET  shift, and go to state 153


State 130

   99 immutable: LPAREN expression RPAREN .

    $default  reduce using rule 99 (immutable)


State 131

   67 simple-expression: simple-expression OR and-expression .
   69 and-expression: and-expression . AND unary-rel-expression

    AND  shift, and go to state 92

    $default  reduce using rule 67 (simple-expression)


State 132

   69 and-expression: and-expression AND unary-rel-expression .

    $default  reduce using rule 69 (and-expression)


State 133

   73 rel-expression: sum-expression relop sum-expression .
   81 sum-expression: sum-expression . sumop term

    PLUS   shift, and go to state 97
    MINUS  shift, and go to state 98

    $default  reduce using rule 73 (rel-expression)

    sumop  go to state 102


State 134

   81 sum-expression: sum-expression sumop term .
   85 term: term . mulop unary-expression

    MULTIPLY  shift, and go to state 103
    DIVIDE    shift, and go to state 104
    MODULUS   shift, and go to state 105

    $default  reduce using rule 81 (sum-expression)

    mulop  go to state 106


State 135

   85 term: term mulop unary-expression .

    $default  reduce using rule 85 (term)


State 136

   42 matched-selection-stmt: IF LPAREN simple-expression . RPAREN matched ELSE matched
   43 unmatched-selection-stmt: IF LPAREN simple-expression . RPAREN statement
   44                         | IF LPAREN simple-expression . RPAREN matched ELSE unmatched
   67 simple-expression: simple-expression . OR and-expression

    RPAREN  shift, and go to state 154
    OR      shift, and go to state 91


State 137

   45 matched-while-stmt: WHILE LPAREN simple-expression . RPAREN matched
   46 unmatched-while-stmt: WHILE LPAREN simple-expression . RPAREN unmatched
   67 simple-expression: simple-expression . OR and-expression

    RPAREN  shift, and go to state 155
    OR      shift, and go to state 91


State 138

   97 mutable: ID .
   98        | ID . LBRACKET expression RBRACKET

    LBRACKET  shift, and go to state 88

    $default  reduce using rule 97 (mutable)


State 139

   47 matched-foreach-stmt: FOREACH LPAREN mutable . IN simple-expression RPAREN matched
   48 unmatched-foreach-stmt: FOREACH LPAREN mutable . IN simple-expression RPAREN unmatched

    IN  shift, and go to state 156


State 140

   57 return-stmt: RETURN expression SEMICOLON .

    $default  reduce using rule 57 (return-stmt)


State 141

   14 scoped-type-specifier: STATIC . type-specifier

    INT   shift, and go to state 2
    BOOL  shift, and go to state 3
    CHAR  shift, and go to state 4

    type-specifier  go to state 157


State 142

   50 local-declarations: local-declarations scoped-var-declaration .

    $default  reduce using rule 50 (local-declarations)


State 143

    7 scoped-var-declaration: scoped-type-specifier . var-decl-list SEMICOLON

    ID  shift, and go to state 34

    var-decl-list        go to state 158
    var-decl-initialize  go to state 16
    var-decl-id          go to state 17


State 144

   15 scoped-type-specifier: type-specifier .

    $default  reduce using rule 15 (scoped-type-specifier)


State 145

   49 compound-stmt: LBRACE local-declarations statement-list . RBRACE
   52 statement-list: statement-list . statement

    ID           shift, and go to state 36
    NUMCONST     shift, and go to state 37
    STRINGCONST  shift, and go to state 38
    CHARCONST    shift, and go to state 39
    BOOLCONST    shift, and go to state 40
    IF           shift, and go to state 61
    WHILE        shift, and go to state 62
    FOREACH      shift, and go to state 63
    RETURN       shift, and go to state 64
    BREAK        shift, and go to state 65
    SEMICOLON    shift, and go to state 66
    LPAREN       shift, and go to state 41
    NOT          shift, and go to state 42
    MINUS        shift, and go to state 43
    MULTIPLY     shift, and go to state 44
    QUESTION     shift, and go to state 45
    LBRACE       shift, and go to state 67
    RBRACE       shift, and go to state 159

    statement                 go to state 160
    matched                   go to state 69
    unmatched                 go to state 70
    matched-selection-stmt    go to state 71
    unmatched-selection-stmt  go to state 72
    matched-while-stmt        go to state 73
    unmatched-while-stmt      go to state 74
    matched-foreach-stmt      go to state 75
    unmatched-foreach-stmt    go to state 76
    compound-stmt             go to state 77
    expression-stmt           go to state 78
    return-stmt               go to state 79
    break-stmt                go to state 80
    expression                go to state 81
    simple-expression         go to state 82
    and-expression            go to state 47
    unary-rel-expression      go to state 48
    rel-expression            go to state 49
    sum-expression            go to state 50
    term                      go to state 51
    unary-expression          go to state 52
    unaryop                   go to state 53
    factor                    go to state 54
    mutable                   go to state 83
    immutable                 go to state 56
    call                      go to state 57
    constant                  go to state 58


State 146

   60 expression: mutable ADDASS expression .

    $default  reduce using rule 60 (expression)


State 147

   61 expression: mutable SUBASS expression .

    $default  reduce using rule 61 (expression)


State 148

   62 expression: mutable MULASS expression .

    $default  reduce using rule 62 (expression)


State 149

   63 expression: mutable DIVASS expression .

    $default  reduce using rule 63 (expression)


State 150

   59 expression: mutable ASSIGN expression .

    $default  reduce using rule 59 (expression)


State 151

  102 call: ID LPAREN args RPAREN .

    $default  reduce using rule 102 (call)


State 152

  105 arg-list: arg-list COMMA . expression

    ID           shift, and go to state 36
    NUMCONST     shift, and go to state 37
    STRINGCONST  shift, and go to state 38
    CHARCONST    shift, and go to state 39
    BOOLCONST    shift, and go to state 40
    LPAREN       shift, and go to state 41
    NOT          shift, and go to state 42
    MINUS        shift, and go to state 43
    MULTIPLY     shift, and go to state 44
    QUESTION     shift, and go to state 45

    expression            go to state 161
    simple-expression     go to state 82
    and-expression        go to state 47
    unary-rel-expression  go to state 48
    rel-expression        go to state 49
    sum-expression        go to state 50
    term                  go to state 51
    unary-expression      go to state 52
    unaryop               go to state 53
    factor                go to state 54
    mutable               go to state 83
    immutable             go to state 56
    call                  go to state 57
    constant              go to state 58


State 153

   98 mutable: ID LBRACKET expression RBRACKET .

    $default  reduce using rule 98 (mutable)


State 154

   42 matched-selection-stmt: IF LPAREN simple-expression RPAREN . matched ELSE matched
   43 unmatched-selection-stmt: IF LPAREN simple-expression RPAREN . statement
   44                         | IF LPAREN simple-expression RPAREN . matched ELSE unmatched

    ID           shift, and go to state 36
    NUMCONST     shift, and go to state 37
    STRINGCONST  shift, and go to state 38
    CHARCONST    shift, and go to state 39
    BOOLCONST    shift, and go to state 40
    IF           shift, and go to state 61
    WHILE        shift, and go to state 62
    FOREACH      shift, and go to state 63
    RETURN       shift, and go to state 64
    BREAK        shift, and go to state 65
    SEMICOLON    shift, and go to state 66
    LPAREN       shift, and go to state 41
    NOT          shift, and go to state 42
    MINUS        shift, and go to state 43
    MULTIPLY     shift, and go to state 44
    QUESTION     shift, and go to state 45
    LBRACE       shift, and go to state 67

    statement                 go to state 162
    matched                   go to state 163
    unmatched                 go to state 70
    matched-selection-stmt    go to state 71
    unmatched-selection-stmt  go to state 72
    matched-while-stmt        go to state 73
    unmatched-while-stmt      go to state 74
    matched-foreach-stmt      go to state 75
    unmatched-foreach-stmt    go to state 76
    compound-stmt             go to state 77
    expression-stmt           go to state 78
    return-stmt               go to state 79
    break-stmt                go to state 80
    expression                go to state 81
    simple-expression         go to state 82
    and-expression            go to state 47
    unary-rel-expression      go to state 48
    rel-expression            go to state 49
    sum-expression            go to state 50
    term                      go to state 51
    unary-expression          go to state 52
    unaryop                   go to state 53
    factor                    go to state 54
    mutable                   go to state 83
    immutable                 go to state 56
    call                      go to state 57
    constant                  go to state 58


State 155

   45 matched-while-stmt: WHILE LPAREN simple-expression RPAREN . matched
   46 unmatched-while-stmt: WHILE LPAREN simple-expression RPAREN . unmatched

    ID           shift, and go to state 36
    NUMCONST     shift, and go to state 37
    STRINGCONST  shift, and go to state 38
    CHARCONST    shift, and go to state 39
    BOOLCONST    shift, and go to state 40
    IF           shift, and go to state 61
    WHILE        shift, and go to state 62
    FOREACH      shift, and go to state 63
    RETURN       shift, and go to state 64
    BREAK        shift, and go to state 65
    SEMICOLON    shift, and go to state 66
    LPAREN       shift, and go to state 41
    NOT          shift, and go to state 42
    MINUS        shift, and go to state 43
    MULTIPLY     shift, and go to state 44
    QUESTION     shift, and go to state 45
    LBRACE       shift, and go to state 67

    matched                   go to state 164
    unmatched                 go to state 165
    matched-selection-stmt    go to state 71
    unmatched-selection-stmt  go to state 72
    matched-while-stmt        go to state 73
    unmatched-while-stmt      go to state 74
    matched-foreach-stmt      go to state 75
    unmatched-foreach-stmt    go to state 76
    compound-stmt             go to state 77
    expression-stmt           go to state 78
    return-stmt               go to state 79
    break-stmt                go to state 80
    expression                go to state 81
    simple-expression         go to state 82
    and-expression            go to state 47
    unary-rel-expression      go to state 48
    rel-expression            go to state 49
    sum-expression            go to state 50
    term                      go to state 51
    unary-expression          go to state 52
    unaryop                   go to state 53
    factor                    go to state 54
    mutable                   go to state 83
    immutable                 go to state 56
    call                      go to state 57
    constant                  go to state 58


State 156

   47 matched-foreach-stmt: FOREACH LPAREN mutable IN . simple-expression RPAREN matched
   48 unmatched-foreach-stmt: FOREACH LPAREN mutable IN . simple-expression RPAREN unmatched

    ID           shift, and go to state 36
    NUMCONST     shift, and go to state 37
    STRINGCONST  shift, and go to state 38
    CHARCONST    shift, and go to state 39
    BOOLCONST    shift, and go to state 40
    LPAREN       shift, and go to state 41
    NOT          shift, and go to state 42
    MINUS        shift, and go to state 43
    MULTIPLY     shift, and go to state 44
    QUESTION     shift, and go to state 45

    simple-expression     go to state 166
    and-expression        go to state 47
    unary-rel-expression  go to state 48
    rel-expression        go to state 49
    sum-expression        go to state 50
    term                  go to state 51
    unary-expression      go to state 52
    unaryop               go to state 53
    factor                go to state 54
    mutable               go to state 55
    immutable             go to state 56
    call                  go to state 57
    constant              go to state 58


State 157

   14 scoped-type-specifier: STATIC type-specifier .

    $default  reduce using rule 14 (scoped-type-specifier)


State 158

    7 scoped-var-declaration: scoped-type-specifier var-decl-list . SEMICOLON
    8 var-decl-list: var-decl-list . COMMA var-decl-initialize

    SEMICOLON  shift, and go to state 167
    COMMA      shift, and go to state 25


State 159

   49 compound-stmt: LBRACE local-declarations statement-list RBRACE .

    $default  reduce using rule 49 (compound-stmt)


State 160

   52 statement-list: statement-list statement .

    $default  reduce using rule 52 (statement-list)


State 161

  105 arg-list: arg-list COMMA expression .

    $default  reduce using rule 105 (arg-list)


State 162

   43 unmatched-selection-stmt: IF LPAREN simple-expression RPAREN statement .

    $default  reduce using rule 43 (unmatched-selection-stmt)


State 163

   30 statement: matched .
   42 matched-selection-stmt: IF LPAREN simple-expression RPAREN matched . ELSE matched
   44 unmatched-selection-stmt: IF LPAREN simple-expression RPAREN matched . ELSE unmatched

    ELSE  shift, and go to state 168

    $default  reduce using rule 30 (statement)


State 164

   45 matched-while-stmt: WHILE LPAREN simple-expression RPAREN matched .

    $default  reduce using rule 45 (matched-while-stmt)


State 165

   46 unmatched-while-stmt: WHILE LPAREN simple-expression RPAREN unmatched .

    $default  reduce using rule 46 (unmatched-while-stmt)


State 166

   47 matched-foreach-stmt: FOREACH LPAREN mutable IN simple-expression . RPAREN matched
   48 unmatched-foreach-stmt: FOREACH LPAREN mutable IN simple-expression . RPAREN unmatched
   67 simple-expression: simple-expression . OR and-expression

    RPAREN  shift, and go to state 169
    OR      shift, and go to state 91


State 167

    7 scoped-var-declaration: scoped-type-specifier var-decl-list SEMICOLON .

    $default  reduce using rule 7 (scoped-var-declaration)


State 168

   42 matched-selection-stmt: IF LPAREN simple-expression RPAREN matched ELSE . matched
   44 unmatched-selection-stmt: IF LPAREN simple-expression RPAREN matched ELSE . unmatched

    ID           shift, and go to state 36
    NUMCONST     shift, and go to state 37
    STRINGCONST  shift, and go to state 38
    CHARCONST    shift, and go to state 39
    BOOLCONST    shift, and go to state 40
    IF           shift, and go to state 61
    WHILE        shift, and go to state 62
    FOREACH      shift, and go to state 63
    RETURN       shift, and go to state 64
    BREAK        shift, and go to state 65
    SEMICOLON    shift, and go to state 66
    LPAREN       shift, and go to state 41
    NOT          shift, and go to state 42
    MINUS        shift, and go to state 43
    MULTIPLY     shift, and go to state 44
    QUESTION     shift, and go to state 45
    LBRACE       shift, and go to state 67

    matched                   go to state 170
    unmatched                 go to state 171
    matched-selection-stmt    go to state 71
    unmatched-selection-stmt  go to state 72
    matched-while-stmt        go to state 73
    unmatched-while-stmt      go to state 74
    matched-foreach-stmt      go to state 75
    unmatched-foreach-stmt    go to state 76
    compound-stmt             go to state 77
    expression-stmt           go to state 78
    return-stmt               go to state 79
    break-stmt                go to state 80
    expression                go to state 81
    simple-expression         go to state 82
    and-expression            go to state 47
    unary-rel-expression      go to state 48
    rel-expression            go to state 49
    sum-expression            go to state 50
    term                      go to state 51
    unary-expression          go to state 52
    unaryop                   go to state 53
    factor                    go to state 54
    mutable                   go to state 83
    immutable                 go to state 56
    call                      go to state 57
    constant                  go to state 58


State 169

   47 matched-foreach-stmt: FOREACH LPAREN mutable IN simple-expression RPAREN . matched
   48 unmatched-foreach-stmt: FOREACH LPAREN mutable IN simple-expression RPAREN . unmatched

    ID           shift, and go to state 36
    NUMCONST     shift, and go to state 37
    STRINGCONST  shift, and go to state 38
    CHARCONST    shift, and go to state 39
    BOOLCONST    shift, and go to state 40
    IF           shift, and go to state 61
    WHILE        shift, and go to state 62
    FOREACH      shift, and go to state 63
    RETURN       shift, and go to state 64
    BREAK        shift, and go to state 65
    SEMICOLON    shift, and go to state 66
    LPAREN       shift, and go to state 41
    NOT          shift, and go to state 42
    MINUS        shift, and go to state 43
    MULTIPLY     shift, and go to state 44
    QUESTION     shift, and go to state 45
    LBRACE       shift, and go to state 67

    matched                   go to state 172
    unmatched                 go to state 173
    matched-selection-stmt    go to state 71
    unmatched-selection-stmt  go to state 72
    matched-while-stmt        go to state 73
    unmatched-while-stmt      go to state 74
    matched-foreach-stmt      go to state 75
    unmatched-foreach-stmt    go to state 76
    compound-stmt             go to state 77
    expression-stmt           go to state 78
    return-stmt               go to state 79
    break-stmt                go to state 80
    expression                go to state 81
    simple-expression         go to state 82
    and-expression            go to state 47
    unary-rel-expression      go to state 48
    rel-expression            go to state 49
    sum-expression            go to state 50
    term                      go to state 51
    unary-expression          go to state 52
    unaryop                   go to state 53
    factor                    go to state 54
    mutable                   go to state 83
    immutable                 go to state 56
    call                      go to state 57
    constant                  go to state 58


State 170

   42 matched-selection-stmt: IF LPAREN simple-expression RPAREN matched ELSE matched .

    $default  reduce using rule 42 (matched-selection-stmt)


State 171

   44 unmatched-selection-stmt: IF LPAREN simple-expression RPAREN matched ELSE unmatched .

    $default  reduce using rule 44 (unmatched-selection-stmt)


State 172

   47 matched-foreach-stmt: FOREACH LPAREN mutable IN simple-expression RPAREN matched .

    $default  reduce using rule 47 (matched-foreach-stmt)


State 173

   48 unmatched-foreach-stmt: FOREACH LPAREN mutable IN simple-expression RPAREN unmatched .

    $default  reduce using rule 48 (unmatched-foreach-stmt)
