Func main returns type int [line: 2]
|   Child: 1  Compound [line: 3]
|   |   Child: 0  Var x of type int [line: 4]
|   |   |Sibling: 1  Var y of type int [line: 5]
|   |   |Sibling: 2  Var z of type int [line: 6]
|   |   |Sibling: 3  Var a of type bool [line: 7]
|   |   |Sibling: 4  Var b of type bool [line: 7]
|   |   |Sibling: 5  Var c of type bool [line: 7]
|   |   |Sibling: 6  Var d of type bool [line: 7]
|   |   |Sibling: 7  Var e of type bool [line: 7]
|   |   Child: 1  If [line: 9]
|   |   |   Child: 0  Op: > [line: 9]
|   |   |   |   Child: 0  Id: x [line: 9]
|   |   |   |   Child: 1  Const: 2 [line: 9]
|   |   |Sibling: 1  While [line: 10]
|   |   |   Child: 0  Id: b [line: 10]
|   |   |Sibling: 2  If [line: 12]
|   |   |   Child: 0  Op: > [line: 12]
|   |   |   |   Child: 0  Id: x [line: 12]
|   |   |   |   Child: 1  Const: 1 [line: 12]
|   |   |   Child: 1  Assign: = [line: 12]
|   |   |   |   Child: 0  Id: z [line: 12]
|   |   |   |   Child: 1  Const: 1 [line: 12]
|   |   |Sibling: 3  If [line: 13]
|   |   |   Child: 0  Op: > [line: 13]
|   |   |   |   Child: 0  Id: x [line: 13]
|   |   |   |   Child: 1  Const: 2 [line: 13]
|   |   |   Child: 1  Assign: = [line: 13]
|   |   |   |   Child: 0  Id: z [line: 13]
|   |   |   |   Child: 1  Const: 1 [line: 13]
|   |   |   Child: 2  Assign: = [line: 13]
|   |   |   |   Child: 0  Id: z [line: 13]
|   |   |   |   Child: 1  Const: 2 [line: 13]
|   |   |Sibling: 4  If [line: 14]
|   |   |   Child: 0  Op: > [line: 14]
|   |   |   |   Child: 0  Id: x [line: 14]
|   |   |   |   Child: 1  Const: 3 [line: 14]
|   |   |   Child: 1  If [line: 14]
|   |   |   |   Child: 0  Op: > [line: 14]
|   |   |   |   |   Child: 0  Id: y [line: 14]
|   |   |   |   |   Child: 1  Const: 4 [line: 14]
|   |   |   |   Child: 1  Assign: = [line: 14]
|   |   |   |   |   Child: 0  Id: z [line: 14]
|   |   |   |   |   Child: 1  Const: 3 [line: 14]
|   |   |Sibling: 5  If [line: 15]
|   |   |   Child: 0  Op: > [line: 15]
|   |   |   |   Child: 0  Id: x [line: 15]
|   |   |   |   Child: 1  Const: 5 [line: 15]
|   |   |   Child: 1  If [line: 15]
|   |   |   |   Child: 0  Op: > [line: 15]
|   |   |   |   |   Child: 0  Id: y [line: 15]
|   |   |   |   |   Child: 1  Const: 6 [line: 15]
|   |   |   |   Child: 1  Assign: = [line: 15]
|   |   |   |   |   Child: 0  Id: z [line: 15]
|   |   |   |   |   Child: 1  Const: 4 [line: 15]
|   |   |   |   Child: 2  Assign: = [line: 15]
|   |   |   |   |   Child: 0  Id: z [line: 15]
|   |   |   |   |   Child: 1  Const: 5 [line: 15]
|   |   |Sibling: 6  If [line: 16]
|   |   |   Child: 0  Op: > [line: 16]
|   |   |   |   Child: 0  Id: x [line: 16]
|   |   |   |   Child: 1  Const: 7 [line: 16]
|   |   |   Child: 1  If [line: 16]
|   |   |   |   Child: 0  Op: > [line: 16]
|   |   |   |   |   Child: 0  Id: y [line: 16]
|   |   |   |   |   Child: 1  Const: 8 [line: 16]
|   |   |   |   Child: 1  Assign: = [line: 16]
|   |   |   |   |   Child: 0  Id: z [line: 16]
|   |   |   |   |   Child: 1  Const: 6 [line: 16]
|   |   |   |   Child: 2  Assign: = [line: 16]
|   |   |   |   |   Child: 0  Id: z [line: 16]
|   |   |   |   |   Child: 1  Const: 7 [line: 16]
|   |   |   Child: 2  Assign: = [line: 16]
|   |   |   |   Child: 0  Id: z [line: 16]
|   |   |   |   Child: 1  Const: 8 [line: 16]
|   |   |Sibling: 7  If [line: 17]
|   |   |   Child: 0  Op: < [line: 17]
|   |   |   |   Child: 0  Id: x [line: 17]
|   |   |   |   Child: 1  Const: 9 [line: 17]
|   |   |   Child: 1  While [line: 17]
|   |   |   |   Child: 0  Op: > [line: 17]
|   |   |   |   |   Child: 0  Id: y [line: 17]
|   |   |   |   |   Child: 1  Const: 10 [line: 17]
|   |   |   |   Child: 1  Const: 9 [line: 17]
|   |   |Sibling: 8  While [line: 18]
|   |   |   Child: 0  Op: > [line: 18]
|   |   |   |   Child: 0  Id: y [line: 18]
|   |   |   |   Child: 1  Const: 10 [line: 18]
|   |   |   Child: 1  If [line: 18]
|   |   |   |   Child: 0  Op: < [line: 18]
|   |   |   |   |   Child: 0  Id: x [line: 18]
|   |   |   |   |   Child: 1  Const: 3 [line: 18]
|   |   |   |   Child: 1  Const: 3 [line: 18]
|   |   |Sibling: 9  While [line: 19]
|   |   |   Child: 0  Op: > [line: 19]
|   |   |   |   Child: 0  Id: y [line: 19]
|   |   |   |   Child: 1  Const: 10 [line: 19]
|   |   |   Child: 1  If [line: 19]
|   |   |   |   Child: 0  Op: < [line: 19]
|   |   |   |   |   Child: 0  Id: x [line: 19]
|   |   |   |   |   Child: 1  Const: 3 [line: 19]
|   |   |   |   Child: 1  Const: 3 [line: 19]
|   |   |   |   Child: 2  Const: 9 [line: 19]
|   |   |Sibling: 10  If [line: 20]
|   |   |   Child: 0  Op: < [line: 20]
|   |   |   |   Child: 0  Id: x [line: 20]
|   |   |   |   Child: 1  Const: 9 [line: 20]
|   |   |   Child: 1  While [line: 20]
|   |   |   |   Child: 0  Op: > [line: 20]
|   |   |   |   |   Child: 0  Id: y [line: 20]
|   |   |   |   |   Child: 1  Const: 10 [line: 20]
|   |   |   |   Child: 1  If [line: 20]
|   |   |   |   |   Child: 0  Op: < [line: 20]
|   |   |   |   |   |   Child: 0  Id: x [line: 20]
|   |   |   |   |   |   Child: 1  Const: 3 [line: 20]
|   |   |   |   |   Child: 1  Const: 3 [line: 20]
|   |   |   |   |   Child: 2  Const: 9 [line: 20]
|   |   |Sibling: 11  While [line: 21]
|   |   |   Child: 0  Op: < [line: 21]
|   |   |   |   Child: 0  Id: y [line: 21]
|   |   |   |   Child: 1  Const: 11 [line: 21]
|   |   |   Child: 1  If [line: 21]
|   |   |   |   Child: 0  Op: < [line: 21]
|   |   |   |   |   Child: 0  Id: x [line: 21]
|   |   |   |   |   Child: 1  Const: 12 [line: 21]
|   |   |   |   Child: 1  While [line: 21]
|   |   |   |   |   Child: 0  Op: > [line: 21]
|   |   |   |   |   |   Child: 0  Id: y [line: 21]
|   |   |   |   |   |   Child: 1  Const: 13 [line: 21]
|   |   |   |   |   Child: 1  Const: 10 [line: 21]
|   |   |Sibling: 12  If [line: 22]
|   |   |   Child: 0  Op: < [line: 22]
|   |   |   |   Child: 0  Id: x [line: 22]
|   |   |   |   Child: 1  Const: 13 [line: 22]
|   |   |   Child: 1  While [line: 22]
|   |   |   |   Child: 0  Op: > [line: 22]
|   |   |   |   |   Child: 0  Id: y [line: 22]
|   |   |   |   |   Child: 1  Const: 14 [line: 22]
|   |   |   |   Child: 1  Const: 20 [line: 22]
|   |   |   Child: 2  Const: 21 [line: 22]
|   |   |Sibling: 13  While [line: 23]
|   |   |   Child: 0  Op: > [line: 23]
|   |   |   |   Child: 0  Id: y [line: 23]
|   |   |   |   Child: 1  Const: 15 [line: 23]
|   |   |   Child: 1  If [line: 23]
|   |   |   |   Child: 0  Op: < [line: 23]
|   |   |   |   |   Child: 0  Id: x [line: 23]
|   |   |   |   |   Child: 1  Const: 16 [line: 23]
|   |   |   |   Child: 1  Const: 22 [line: 23]
|   |   |   |   Child: 2  Const: 23 [line: 23]
|   |   |Sibling: 14  While [line: 24]
|   |   |   Child: 0  Op: > [line: 24]
|   |   |   |   Child: 0  Id: y [line: 24]
|   |   |   |   Child: 1  Const: 15 [line: 24]
|   |   |   Child: 1  If [line: 24]
|   |   |   |   Child: 0  Op: < [line: 24]
|   |   |   |   |   Child: 0  Id: x [line: 24]
|   |   |   |   |   Child: 1  Const: 16 [line: 24]
|   |   |   |   Child: 1  While [line: 24]
|   |   |   |   |   Child: 0  Op: < [line: 24]
|   |   |   |   |   |   Child: 0  Id: y [line: 24]
|   |   |   |   |   |   Child: 1  Const: 3 [line: 24]
|   |   |   |   |   Child: 1  Const: 9 [line: 24]
|   |   |   |   Child: 2  Const: 23 [line: 24]
|   |   |Sibling: 15  While [line: 25]
|   |   |   Child: 0  Op: > [line: 25]
|   |   |   |   Child: 0  Id: y [line: 25]
|   |   |   |   Child: 1  Const: 15 [line: 25]
|   |   |   Child: 1  If [line: 25]
|   |   |   |   Child: 0  Op: < [line: 25]
|   |   |   |   |   Child: 0  Id: x [line: 25]
|   |   |   |   |   Child: 1  Const: 16 [line: 25]
|   |   |   |   Child: 1  While [line: 25]
|   |   |   |   |   Child: 0  Op: < [line: 25]
|   |   |   |   |   |   Child: 0  Id: y [line: 25]
|   |   |   |   |   |   Child: 1  Const: 3 [line: 25]
|   |   |   |   |   Child: 1  Const: 9 [line: 25]
|   |   |   |   Child: 2  While [line: 25]
|   |   |   |   |   Child: 0  Op: > [line: 25]
|   |   |   |   |   |   Child: 0  Id: y [line: 25]
|   |   |   |   |   |   Child: 1  Const: 3 [line: 25]
|   |   |   |   |   Child: 1  Const: 23 [line: 25]
|   |   |Sibling: 16  While [line: 26]
|   |   |   Child: 0  Op: > [line: 26]
|   |   |   |   Child: 0  Id: y [line: 26]
|   |   |   |   Child: 1  Const: 15 [line: 26]
|   |   |   Child: 1  If [line: 26]
|   |   |   |   Child: 0  Op: < [line: 26]
|   |   |   |   |   Child: 0  Id: x [line: 26]
|   |   |   |   |   Child: 1  Const: 16 [line: 26]
|   |   |   |   Child: 1  While [line: 26]
|   |   |   |   |   Child: 0  Op: < [line: 26]
|   |   |   |   |   |   Child: 0  Id: y [line: 26]
|   |   |   |   |   |   Child: 1  Const: 3 [line: 26]
|   |   |   |   |   Child: 1  If [line: 26]
|   |   |   |   |   |   Child: 0  Id: b [line: 26]
|   |   |   |   |   |   Child: 1  Const: 34 [line: 26]
|   |   |   |   |   |   Child: 2  Const: 34 [line: 26]
|   |   |   |   Child: 2  While [line: 26]
|   |   |   |   |   Child: 0  Op: > [line: 26]
|   |   |   |   |   |   Child: 0  Id: y [line: 26]
|   |   |   |   |   |   Child: 1  Const: 3 [line: 26]
|   |   |   |   |   Child: 1  Const: 23 [line: 26]
|   |   |Sibling: 17  While [line: 27]
|   |   |   Child: 0  Op: > [line: 27]
|   |   |   |   Child: 0  Id: y [line: 27]
|   |   |   |   Child: 1  Const: 15 [line: 27]
|   |   |   Child: 1  If [line: 27]
|   |   |   |   Child: 0  Op: < [line: 27]
|   |   |   |   |   Child: 0  Id: x [line: 27]
|   |   |   |   |   Child: 1  Const: 16 [line: 27]
|   |   |   |   Child: 1  Compound [line: 27]
|   |   |   |   |   Child: 1  While [line: 27]
|   |   |   |   |   |   Child: 0  Op: < [line: 27]
|   |   |   |   |   |   |   Child: 0  Id: y [line: 27]
|   |   |   |   |   |   |   Child: 1  Const: 3 [line: 27]
|   |   |   |   |   |   Child: 1  If [line: 27]
|   |   |   |   |   |   |   Child: 0  Id: b [line: 27]
|   |   |   |   |   |   |   Child: 1  Const: 34 [line: 27]
|   |   |   |   Child: 2  While [line: 27]
|   |   |   |   |   Child: 0  Op: > [line: 27]
|   |   |   |   |   |   Child: 0  Id: y [line: 27]
|   |   |   |   |   |   Child: 1  Const: 3 [line: 27]
|   |   |   |   |   Child: 1  Const: 23 [line: 27]
|   |   |Sibling: 18  While [line: 29]
|   |   |   Child: 0  Id: b [line: 29]
|   |   |   Child: 1  While [line: 29]
|   |   |   |   Child: 0  Id: b [line: 29]
|   |   |   |   Child: 1  If [line: 29]
|   |   |   |   |   Child: 0  Id: b [line: 29]
|   |   |   |   |   Child: 1  Id: x [line: 29]
|   |   |   |   |   Child: 2  Id: y [line: 29]
|   |   |Sibling: 19  While [line: 30]
|   |   |   Child: 0  Id: b [line: 30]
|   |   |   Child: 1  While [line: 30]
|   |   |   |   Child: 0  Id: b [line: 30]
|   |   |   |   Child: 1  If [line: 30]
|   |   |   |   |   Child: 0  Id: b [line: 30]
|   |   |   |   |   Child: 1  Id: x [line: 30]
|   |   |Sibling: 20  If [line: 30]
|   |   |   Child: 0  Id: b [line: 30]
|   |   |   Child: 1  Id: y [line: 30]
|   |   |   Child: 2  Id: z [line: 30]
|   |   |Sibling: 21  While [line: 32]
|   |   |   Child: 0  Id: b [line: 32]
|   |   |   Child: 1  While [line: 32]
|   |   |   |   Child: 0  Id: b [line: 32]
|   |   |   |   Child: 1  If [line: 32]
|   |   |   |   |   Child: 0  Id: b [line: 32]
|   |   |   |   |   Child: 1  Id: x [line: 32]
|   |   |Sibling: 22  While [line: 33]
|   |   |   Child: 0  Id: b [line: 33]
|   |   |   Child: 1  While [line: 33]
|   |   |   |   Child: 0  Id: b [line: 33]
|   |   |   |   Child: 1  If [line: 33]
|   |   |   |   |   Child: 0  Id: b [line: 33]
|   |   |   |   |   Child: 1  Id: x [line: 33]
|   |   |Sibling: 23  If [line: 33]
|   |   |   Child: 0  Id: b [line: 33]
|   |   |   Child: 1  Id: y [line: 33]
|   |   |Sibling: 24  While [line: 35]
|   |   |   Child: 0  Id: b [line: 35]
|   |   |   Child: 1  If [line: 35]
|   |   |   |   Child: 0  Id: c [line: 35]
|   |   |   |   Child: 1  While [line: 35]
|   |   |   |   |   Child: 0  Id: b [line: 35]
|   |   |   |   |   Child: 1  If [line: 35]
|   |   |   |   |   |   Child: 0  Id: b [line: 35]
|   |   |   |   |   |   Child: 1  Id: x [line: 35]
|   |   |   |   |   |   Child: 2  Id: y [line: 35]
|   |   |Sibling: 25  While [line: 36]
|   |   |   Child: 0  Id: b [line: 36]
|   |   |   Child: 1  If [line: 36]
|   |   |   |   Child: 0  Id: c [line: 36]
|   |   |   |   Child: 1  While [line: 36]
|   |   |   |   |   Child: 0  Id: b [line: 36]
|   |   |   |   |   Child: 1  If [line: 36]
|   |   |   |   |   |   Child: 0  Id: b [line: 36]
|   |   |   |   |   |   Child: 1  Id: x [line: 36]
|   |   |Sibling: 26  If [line: 36]
|   |   |   Child: 0  Id: b [line: 36]
|   |   |   Child: 1  Id: y [line: 36]
|   |   |   Child: 2  Id: z [line: 36]
|   |   |Sibling: 27  If [line: 38]
|   |   |   Child: 0  Id: c [line: 38]
|   |   |   Child: 1  While [line: 38]
|   |   |   |   Child: 0  Id: b [line: 38]
|   |   |   |   Child: 1  While [line: 38]
|   |   |   |   |   Child: 0  Id: b [line: 38]
|   |   |   |   |   Child: 1  If [line: 38]
|   |   |   |   |   |   Child: 0  Id: b [line: 38]
|   |   |   |   |   |   Child: 1  Id: x [line: 38]
|   |   |   |   |   |   Child: 2  Id: y [line: 38]
|   |   |Sibling: 28  If [line: 39]
|   |   |   Child: 0  Id: c [line: 39]
|   |   |   Child: 1  While [line: 39]
|   |   |   |   Child: 0  Id: b [line: 39]
|   |   |   |   Child: 1  While [line: 39]
|   |   |   |   |   Child: 0  Id: b [line: 39]
|   |   |   |   |   Child: 1  If [line: 39]
|   |   |   |   |   |   Child: 0  Id: b [line: 39]
|   |   |   |   |   |   Child: 1  Id: x [line: 39]
|   |   |Sibling: 29  If [line: 39]
|   |   |   Child: 0  Id: b [line: 39]
|   |   |   Child: 1  Id: y [line: 39]
|   |   |   Child: 2  Id: z [line: 39]
|   |   |Sibling: 30  If [line: 41]
|   |   |   Child: 0  Id: c [line: 41]
|   |   |   Child: 1  While [line: 41]
|   |   |   |   Child: 0  Id: b [line: 41]
|   |   |   |   Child: 1  While [line: 41]
|   |   |   |   |   Child: 0  Id: b [line: 41]
|   |   |   |   |   Child: 1  If [line: 41]
|   |   |   |   |   |   Child: 0  Id: b [line: 41]
|   |   |   |   |   |   Child: 1  Id: x [line: 41]
|   |   |   |   |   |   Child: 2  Id: y [line: 41]
|   |   |   Child: 2  Id: z [line: 41]
|   |   |Sibling: 31  While [line: 43]
|   |   |   Child: 0  Id: a [line: 43]
|   |   |   Child: 1  While [line: 43]
|   |   |   |   Child: 0  Id: b [line: 43]
|   |   |   |   Child: 1  While [line: 43]
|   |   |   |   |   Child: 0  Id: c [line: 43]
|   |   |   |   |   Child: 1  While [line: 43]
|   |   |   |   |   |   Child: 0  Id: d [line: 43]
|   |   |   |   |   |   Child: 1  Id: e [line: 43]
|   |   |Sibling: 32  If [line: 44]
|   |   |   Child: 0  Id: a [line: 44]
|   |   |   Child: 1  If [line: 44]
|   |   |   |   Child: 0  Id: b [line: 44]
|   |   |   |   Child: 1  If [line: 44]
|   |   |   |   |   Child: 0  Id: c [line: 44]
|   |   |   |   |   Child: 1  If [line: 44]
|   |   |   |   |   |   Child: 0  Id: d [line: 44]
|   |   |   |   |   |   Child: 1  Id: e [line: 44]
|   |   |Sibling: 33  If [line: 45]
|   |   |   Child: 0  Id: a [line: 45]
|   |   |   Child: 2  If [line: 45]
|   |   |   |   Child: 0  Id: b [line: 45]
|   |   |   |   Child: 2  If [line: 45]
|   |   |   |   |   Child: 0  Id: c [line: 45]
|   |   |   |   |   Child: 2  If [line: 45]
|   |   |   |   |   |   Child: 0  Id: d [line: 45]
|   |   |   |   |   |   Child: 2  Id: e [line: 45]
|   |   |Sibling: 34  Return [line: 47]
|   |   |   Child: 0  Const: 1184 [line: 47]
Number of warnings: 0
Number of errors: 0
