Var s of type int [line: 2]
|   Child: 0  Id: s [line: 2]
|Sibling: 1  Var t of type int [line: 2]
|   Child: 0  Const: '%' [line: 2]
|Sibling: 2  Var u of type int [line: 2]
|   Child: 0  Const: "dogs" [line: 2]
|Sibling: 3  Func main returns type void [line: 4]
|   Child: 1  Compound [line: 4]
|   |   Child: 0  Var i of type int [line: 5]
|   |   |   Child: 0  Const: 666 [line: 5]
|   |   |Sibling: 1  Var a of type int [line: 6]
|   |   |   Child: 0  Const: 666 [line: 6]
|   |   |Sibling: 2  Var y of type char [line: 7]
|   |   |   Child: 0  Const: 'a' [line: 7]
|   |   |Sibling: 3  Var b is array of type char [line: 7]
|   |   |   Child: 0  Const: "dogs" [line: 7]
|   |   |Sibling: 4  Var x is array of type int [line: 8]
|   |   |Sibling: 5  Var j of type int [line: 9]
|   |   |   Child: 0  Op: * [line: 9]
|   |   |   |   Child: 0  Const: "puffin" [line: 9]
|   |   |Sibling: 6  Var k of type int [line: 9]
|   |   |   Child: 0  Op: + [line: 9]
|   |   |   |   Child: 0  Op: * [line: 9]
|   |   |   |   |   Child: 0  Const: 4 [line: 9]
|   |   |   |   |   Child: 1  Const: 5 [line: 9]
|   |   |   |   Child: 1  Const: 3 [line: 9]
|   |   |Sibling: 7  Var l of type int [line: 9]
|   |   |   Child: 0  Op: - [line: 9]
|   |   |   |   Child: 0  Const: 46 [line: 9]
|   |   |Sibling: 8  Var ba of type bool [line: 10]
|   |   |   Child: 0  Const: true [line: 10]
|   |   |Sibling: 9  Var bb of type bool [line: 10]
|   |   |   Child: 0  Op: & [line: 10]
|   |   |   |   Child: 0  Const: true [line: 10]
|   |   |   |   Child: 1  Op: ! [line: 10]
|   |   |   |   |   Child: 0  Const: false [line: 10]
|   |   |Sibling: 10  Var bc of type bool [line: 10]
|   |   |   Child: 0  Op: > [line: 10]
|   |   |   |   Child: 0  Const: 5 [line: 10]
|   |   |   |   Child: 1  Const: 4 [line: 10]
|   |   |Sibling: 11  Var ca of type char [line: 11]
|   |   |   Child: 0  Const: 'a' [line: 11]
|   |   Child: 1  Assign: = [line: 13]
|   |   |   Child: 0  Id: x [line: 13]
|   |   |   |   Child: 0  Const: 1 [line: 13]
|   |   |   Child: 1  Const: 111 [line: 13]
|   |   |Sibling: 1  Assign: = [line: 14]
|   |   |   Child: 0  Id: a [line: 14]
|   |   |   Child: 1  Op: * [line: 14]
|   |   |   |   Child: 0  Id: b [line: 14]
|   |   |Sibling: 2  Assign: = [line: 15]
|   |   |   Child: 0  Id: a [line: 15]
|   |   |   Child: 1  Op: * [line: 15]
|   |   |   |   Child: 0  Const: "frogs" [line: 15]
|   |   |Sibling: 3  Foreach [line: 16]
|   |   |   Child: 0  Id: i [line: 16]
|   |   |   Child: 1  Op: * [line: 16]
|   |   |   |   Child: 0  Const: "toads" [line: 16]
|   |   |   Child: 2  Compound [line: 17]
|   |   |   |   Child: 0  Var y is array of type int [line: 18]
|   |   |   |   |Sibling: 1  Var t of type bool [line: 19]
|   |   |   |   Child: 1  Assign: = [line: 20]
|   |   |   |   |   Child: 0  Id: y [line: 20]
|   |   |   |   |   |   Child: 0  Const: 2 [line: 20]
|   |   |   |   |   Child: 1  Const: 222 [line: 20]
|   |   |Sibling: 4  Compound [line: 22]
|   |   |   Child: 0  Var z is array of type int [line: 23]
|   |   |   Child: 1  Assign: = [line: 24]
|   |   |   |   Child: 0  Id: z [line: 24]
|   |   |   |   |   Child: 0  Const: 3 [line: 24]
|   |   |   |   Child: 1  Const: 333 [line: 24]
|   |   |Sibling: 5  Call: output [line: 26]
|   |   |   Child: 0  Const: 666 [line: 26]
Number of warnings: 0
Number of errors: 0
