ERROR(1): Syntax error, unexpected identifier 'be', expecting '('.
WARNING(3): Invalid input character: '
'.  Character ignored.
ERROR(6): Syntax error, unexpected identifier 'more', expecting '('.
ERROR(6): Syntax error, unexpected identifier 'by', expecting '('.
WARNING(9): Invalid input character: '
'.  Character ignored.
WARNING(10): Invalid input character: '
'.  Character ignored.
WARNING(11): Invalid input character: '
'.  Character ignored.
WARNING(14): Invalid input character: '
'.  Character ignored.
ERROR(15): Syntax error, unexpected identifier 'who', expecting '('.
WARNING(16): character is 22 characters and not a single character: '''
WARNING(18): Invalid input character: '
'.  Character ignored.
WARNING(25): Invalid input character: '
'.  Character ignored.
ERROR(29): Syntax error, unexpected identifier 'thus', expecting '('.
WARNING(31): Invalid input character: '
'.  Character ignored.
WARNING(33): Invalid input character: '.'.  Character ignored.
WARNING(36): Invalid input character: '
'.  Character ignored.
Number of warnings: 11
Number of errors: 5
